Running php-build composer
WARNING! Your password will be stored unencrypted in /home/runner/.docker/config.json.
Configure a credential helper to remove this warning. See
https://docs.docker.com/engine/reference/commandline/login/#credentials-store

Login Succeeded
Pulling docker.pkg.github.com/themegrill/magazine-blocks/php-actions_composer_magazine-blocks:php-7.4-build2.1.0
php-7.4-build2.1.0: Pulling from themegrill/magazine-blocks/php-actions_composer_magazine-blocks
ca7dd9ec2225: Pulling fs layer
1b78b4fe0ca1: Pulling fs layer
9d6040f2a28f: Pulling fs layer
0e2e66b89284: Pulling fs layer
3b1be5f02bec: Pulling fs layer
96243f515dda: Pulling fs layer
4006f78ca99d: Pulling fs layer
3c76b37a5dd7: Pulling fs layer
6491a80416fc: Pulling fs layer
f1ace84d6069: Pulling fs layer
96243f515dda: Waiting
4006f78ca99d: Waiting
3c76b37a5dd7: Waiting
6491a80416fc: Waiting
f1ace84d6069: Waiting
0e2e66b89284: Waiting
3b1be5f02bec: Waiting
9d6040f2a28f: Download complete
ca7dd9ec2225: Verifying Checksum
ca7dd9ec2225: Download complete
1b78b4fe0ca1: Verifying Checksum
1b78b4fe0ca1: Download complete
ca7dd9ec2225: Pull complete
0e2e66b89284: Verifying Checksum
0e2e66b89284: Download complete
96243f515dda: Verifying Checksum
96243f515dda: Download complete
3b1be5f02bec: Verifying Checksum
3b1be5f02bec: Download complete
3c76b37a5dd7: Verifying Checksum
3c76b37a5dd7: Download complete
1b78b4fe0ca1: Pull complete
6491a80416fc: Download complete
9d6040f2a28f: Pull complete
0e2e66b89284: Pull complete
4006f78ca99d: Verifying Checksum
4006f78ca99d: Download complete
3b1be5f02bec: Pull complete
96243f515dda: Pull complete
f1ace84d6069: Verifying Checksum
f1ace84d6069: Download complete
4006f78ca99d: Pull complete
3c76b37a5dd7: Pull complete
6491a80416fc: Pull complete
f1ace84d6069: Pull complete
Digest: sha256:0983b613330697a6159f7c3f4117a266f07f7a33500f1ca4936fc717098a7130
Status: Downloaded newer image for docker.pkg.github.com/themegrill/magazine-blocks/php-actions_composer_magazine-blocks:php-7.4-build2.1.0
docker.pkg.github.com/themegrill/magazine-blocks/php-actions_composer_magazine-blocks:php-7.4-build2.1.0
Docker tag: docker.pkg.github.com/themegrill/magazine-blocks/php-actions_composer_magazine-blocks:php-7.4-build2.1.0
No private keys supplied
Command: composer install --no-progress --no-interaction --ignore-platform-reqs --optimize-autoloader --no-dev
Skipping env variable PWD
Skipping env variable HOME
Skipping env variable SHLVL
Skipping env variable PATH
